# JRE version: OpenJDK Runtime Environment (8.0_242-b01) (build 1.8.0_242-release-1644-b01)
# Java VM: OpenJDK 64-Bit Server VM (25.242-b01 mixed mode windows-amd64 compressed oops)
Heap:
 PSYoungGen      total 513024K, used 112012K [0x00000000d5580000, 0x00000000fc380000, 0x0000000100000000)
  eden space 468480K, 18% used [0x00000000d5580000,0x00000000dac6a960,0x00000000f1f00000)
  from space 44544K, 51% used [0x00000000f1f00000,0x00000000f35789c8,0x00000000f4a80000)
  to   space 44032K, 0% used [0x00000000f9880000,0x00000000f9880000,0x00000000fc380000)
 ParOldGen       total 148992K, used 57916K [0x0000000080000000, 0x0000000089180000, 0x00000000d5580000)
  object space 148992K, 38% used [0x0000000080000000,0x000000008388f340,0x0000000089180000)
 Metaspace       used 120375K, capacity 126627K, committed 128344K, reserved 1161216K
  class space    used 15332K, capacity 16541K, committed 17024K, reserved 1048576K
GC Heap History (10 events):
Event: 336.334 GC heap before
{Heap before GC invocations=32 (full 4):
 PSYoungGen      total 381440K, used 349841K [0x00000000d5580000, 0x00000000f3180000, 0x0000000100000000)
  eden space 342528K, 100% used [0x00000000d5580000,0x00000000ea400000,0x00000000ea400000)
  from space 38912K, 18% used [0x00000000ea400000,0x00000000eab24598,0x00000000eca00000)
  to   space 38400K, 0% used [0x00000000f0c00000,0x00000000f0c00000,0x00000000f3180000)
 ParOldGen       total 139264K, used 92029K [0x0000000080000000, 0x0000000088800000, 0x00000000d5580000)
  object space 139264K, 66% used [0x0000000080000000,0x00000000859df610,0x0000000088800000)
 Metaspace       used 115700K, capacity 121805K, committed 121944K, reserved 1155072K
  class space    used 14947K, capacity 16139K, committed 16256K, reserved 1048576K
Event: 336.451 GC heap after
Heap after GC invocations=32 (full 4):
 PSYoungGen      total 439808K, used 38387K [0x00000000d5580000, 0x00000000f4600000, 0x0000000100000000)
  eden space 401408K, 0% used [0x00000000d5580000,0x00000000d5580000,0x00000000edd80000)
  from space 38400K, 99% used [0x00000000f0c00000,0x00000000f317cc18,0x00000000f3180000)
  to   space 47616K, 0% used [0x00000000edd80000,0x00000000edd80000,0x00000000f0c00000)
 ParOldGen       total 139264K, used 101039K [0x0000000080000000, 0x0000000088800000, 0x00000000d5580000)
  object space 139264K, 72% used [0x0000000080000000,0x00000000862abd78,0x0000000088800000)
 Metaspace       used 115700K, capacity 121805K, committed 121944K, reserved 1155072K
  class space    used 14947K, capacity 16139K, committed 16256K, reserved 1048576K
}
Event: 872.457 GC heap before
{Heap before GC invocations=33 (full 4):
 PSYoungGen      total 439808K, used 439795K [0x00000000d5580000, 0x00000000f4600000, 0x0000000100000000)
  eden space 401408K, 100% used [0x00000000d5580000,0x00000000edd80000,0x00000000edd80000)
  from space 38400K, 99% used [0x00000000f0c00000,0x00000000f317cc18,0x00000000f3180000)
  to   space 47616K, 0% used [0x00000000edd80000,0x00000000edd80000,0x00000000f0c00000)
 ParOldGen       total 139264K, used 101039K [0x0000000080000000, 0x0000000088800000, 0x00000000d5580000)
  object space 139264K, 72% used [0x0000000080000000,0x00000000862abd78,0x0000000088800000)
 Metaspace       used 119581K, capacity 126235K, committed 126296K, reserved 1159168K
  class space    used 15397K, capacity 16709K, committed 16768K, reserved 1048576K
Event: 872.800 GC heap after
Heap after GC invocations=33 (full 4):
 PSYoungGen      total 449024K, used 19107K [0x00000000d5580000, 0x00000000f7f00000, 0x0000000100000000)
  eden space 401408K, 0% used [0x00000000d5580000,0x00000000d5580000,0x00000000edd80000)
  from space 47616K, 40% used [0x00000000edd80000,0x00000000ef028d70,0x00000000f0c00000)
  to   space 45056K, 0% used [0x00000000f5300000,0x00000000f5300000,0x00000000f7f00000)
 ParOldGen       total 139264K, used 119298K [0x0000000080000000, 0x0000000088800000, 0x00000000d5580000)
  object space 139264K, 85% used [0x0000000080000000,0x00000000874808f8,0x0000000088800000)
 Metaspace       used 119581K, capacity 126235K, committed 126296K, reserved 1159168K
  class space    used 15397K, capacity 16709K, committed 16768K, reserved 1048576K
}
Event: 8092.564 GC heap before
{Heap before GC invocations=34 (full 4):
 PSYoungGen      total 449024K, used 420515K [0x00000000d5580000, 0x00000000f7f00000, 0x0000000100000000)
  eden space 401408K, 100% used [0x00000000d5580000,0x00000000edd80000,0x00000000edd80000)
  from space 47616K, 40% used [0x00000000edd80000,0x00000000ef028d70,0x00000000f0c00000)
  to   space 45056K, 0% used [0x00000000f5300000,0x00000000f5300000,0x00000000f7f00000)
 ParOldGen       total 139264K, used 119298K [0x0000000080000000, 0x0000000088800000, 0x00000000d5580000)
  object space 139264K, 85% used [0x0000000080000000,0x00000000874808f8,0x0000000088800000)
 Metaspace       used 121162K, capacity 128261K, committed 128344K, reserved 1161216K
  class space    used 15561K, capacity 16945K, committed 17024K, reserved 1048576K
Event: 8093.617 GC heap after
Heap after GC invocations=34 (full 4):
 PSYoungGen      total 504320K, used 5997K [0x00000000d5580000, 0x00000000f7600000, 0x0000000100000000)
  eden space 468480K, 0% used [0x00000000d5580000,0x00000000d5580000,0x00000000f1f00000)
  from space 35840K, 16% used [0x00000000f5300000,0x00000000f58db550,0x00000000f7600000)
  to   space 44544K, 0% used [0x00000000f1f00000,0x00000000f1f00000,0x00000000f4a80000)
 ParOldGen       total 139264K, used 128117K [0x0000000080000000, 0x0000000088800000, 0x00000000d5580000)
  object space 139264K, 91% used [0x0000000080000000,0x0000000087d1d750,0x0000000088800000)
 Metaspace       used 121162K, capacity 128261K, committed 128344K, reserved 1161216K
  class space    used 15561K, capacity 16945K, committed 17024K, reserved 1048576K
}
Event: 8093.618 GC heap before
{Heap before GC invocations=35 (full 5):
 PSYoungGen      total 504320K, used 5997K [0x00000000d5580000, 0x00000000f7600000, 0x0000000100000000)
  eden space 468480K, 0% used [0x00000000d5580000,0x00000000d5580000,0x00000000f1f00000)
  from space 35840K, 16% used [0x00000000f5300000,0x00000000f58db550,0x00000000f7600000)
  to   space 44544K, 0% used [0x00000000f1f00000,0x00000000f1f00000,0x00000000f4a80000)
 ParOldGen       total 139264K, used 128117K [0x0000000080000000, 0x0000000088800000, 0x00000000d5580000)
  object space 139264K, 91% used [0x0000000080000000,0x0000000087d1d750,0x0000000088800000)
 Metaspace       used 121162K, capacity 128261K, committed 128344K, reserved 1161216K
  class space    used 15561K, capacity 16945K, committed 17024K, reserved 1048576K
Event: 8097.797 GC heap after
Heap after GC invocations=35 (full 5):
 PSYoungGen      total 504320K, used 0K [0x00000000d5580000, 0x00000000f7600000, 0x0000000100000000)
  eden space 468480K, 0% used [0x00000000d5580000,0x00000000d5580000,0x00000000f1f00000)
  from space 35840K, 0% used [0x00000000f5300000,0x00000000f5300000,0x00000000f7600000)
  to   space 44544K, 0% used [0x00000000f1f00000,0x00000000f1f00000,0x00000000f4a80000)
 ParOldGen       total 148992K, used 57908K [0x0000000080000000, 0x0000000089180000, 0x00000000d5580000)
  object space 148992K, 38% used [0x0000000080000000,0x000000008388d340,0x0000000089180000)
 Metaspace       used 117221K, capacity 122525K, committed 128344K, reserved 1161216K
  class space    used 14913K, capacity 15917K, committed 17024K, reserved 1048576K
}
Event: 9109.962 GC heap before
{Heap before GC invocations=36 (full 5):
 PSYoungGen      total 504320K, used 468480K [0x00000000d5580000, 0x00000000f7600000, 0x0000000100000000)
  eden space 468480K, 100% used [0x00000000d5580000,0x00000000f1f00000,0x00000000f1f00000)
  from space 35840K, 0% used [0x00000000f5300000,0x00000000f5300000,0x00000000f7600000)
  to   space 44544K, 0% used [0x00000000f1f00000,0x00000000f1f00000,0x00000000f4a80000)
 ParOldGen       total 148992K, used 57908K [0x0000000080000000, 0x0000000089180000, 0x00000000d5580000)
  object space 148992K, 38% used [0x0000000080000000,0x000000008388d340,0x0000000089180000)
 Metaspace       used 120257K, capacity 126497K, committed 128344K, reserved 1161216K
  class space    used 15315K, capacity 16516K, committed 17024K, reserved 1048576K
Event: 9113.296 GC heap after
Heap after GC invocations=36 (full 5):
 PSYoungGen      total 513024K, used 23010K [0x00000000d5580000, 0x00000000fc380000, 0x0000000100000000)
  eden space 468480K, 0% used [0x00000000d5580000,0x00000000d5580000,0x00000000f1f00000)
  from space 44544K, 51% used [0x00000000f1f00000,0x00000000f35789c8,0x00000000f4a80000)
  to   space 44032K, 0% used [0x00000000f9880000,0x00000000f9880000,0x00000000fc380000)
 ParOldGen       total 148992K, used 57916K [0x0000000080000000, 0x0000000089180000, 0x00000000d5580000)
  object space 148992K, 38% used [0x0000000080000000,0x000000008388f340,0x0000000089180000)
 Metaspace       used 120257K, capacity 126497K, committed 128344K, reserved 1161216K
  class space    used 15315K, capacity 16516K, committed 17024K, reserved 1048576K
}

