# JRE version: OpenJDK Runtime Environment (8.0_242-b01) (build 1.8.0_242-release-1644-b01)
# Java VM: OpenJDK 64-Bit Server VM (25.242-b01 mixed mode windows-amd64 compressed oops)
Heap:
 PSYoungGen      total 610816K, used 68244K [0x00000000d5580000, 0x0000000100000000, 0x0000000100000000)
  eden space 522752K, 11% used [0x00000000d5580000,0x00000000d923db08,0x00000000f5400000)
  from space 88064K, 6% used [0x00000000f5400000,0x00000000f59e7830,0x00000000faa00000)
  to   space 86528K, 0% used [0x00000000fab80000,0x00000000fab80000,0x0000000100000000)
 ParOldGen       total 372736K, used 210822K [0x0000000080000000, 0x0000000096c00000, 0x00000000d5580000)
  object space 372736K, 56% used [0x0000000080000000,0x000000008cde18d0,0x0000000096c00000)
 Metaspace       used 122300K, capacity 130135K, committed 131608K, reserved 1163264K
  class space    used 15452K, capacity 16795K, committed 17200K, reserved 1048576K
GC Heap History (10 events):
Event: 6807.204 GC heap before
{Heap before GC invocations=72 (full 8):
 PSYoungGen      total 636928K, used 582021K [0x00000000d5580000, 0x0000000100000000, 0x0000000100000000)
  eden space 574976K, 100% used [0x00000000d5580000,0x00000000f8700000,0x00000000f8700000)
  from space 61952K, 11% used [0x00000000f8700000,0x00000000f8de16d0,0x00000000fc380000)
  to   space 61440K, 0% used [0x00000000fc400000,0x00000000fc400000,0x0000000100000000)
 ParOldGen       total 287232K, used 201775K [0x0000000080000000, 0x0000000091880000, 0x00000000d5580000)
  object space 287232K, 70% used [0x0000000080000000,0x000000008c50bef0,0x0000000091880000)
 Metaspace       used 121859K, capacity 129477K, committed 131608K, reserved 1163264K
  class space    used 15399K, capacity 16738K, committed 17200K, reserved 1048576K
Event: 6807.418 GC heap after
Heap after GC invocations=72 (full 8):
 PSYoungGen      total 635392K, used 7868K [0x00000000d5580000, 0x00000000ffe80000, 0x0000000100000000)
  eden space 575488K, 0% used [0x00000000d5580000,0x00000000d5580000,0x00000000f8780000)
  from space 59904K, 13% used [0x00000000fc400000,0x00000000fcbaf088,0x00000000ffe80000)
  to   space 60928K, 0% used [0x00000000f8780000,0x00000000f8780000,0x00000000fc300000)
 ParOldGen       total 287232K, used 206521K [0x0000000080000000, 0x0000000091880000, 0x00000000d5580000)
  object space 287232K, 71% used [0x0000000080000000,0x000000008c9ae6e0,0x0000000091880000)
 Metaspace       used 121859K, capacity 129477K, committed 131608K, reserved 1163264K
  class space    used 15399K, capacity 16738K, committed 17200K, reserved 1048576K
}
Event: 6811.613 GC heap before
{Heap before GC invocations=73 (full 8):
 PSYoungGen      total 635392K, used 583356K [0x00000000d5580000, 0x00000000ffe80000, 0x0000000100000000)
  eden space 575488K, 100% used [0x00000000d5580000,0x00000000f8780000,0x00000000f8780000)
  from space 59904K, 13% used [0x00000000fc400000,0x00000000fcbaf088,0x00000000ffe80000)
  to   space 60928K, 0% used [0x00000000f8780000,0x00000000f8780000,0x00000000fc300000)
 ParOldGen       total 287232K, used 206521K [0x0000000080000000, 0x0000000091880000, 0x00000000d5580000)
  object space 287232K, 71% used [0x0000000080000000,0x000000008c9ae6e0,0x0000000091880000)
 Metaspace       used 121863K, capacity 129477K, committed 131608K, reserved 1163264K
  class space    used 15399K, capacity 16738K, committed 17200K, reserved 1048576K
Event: 6811.684 GC heap after
Heap after GC invocations=73 (full 8):
 PSYoungGen      total 636416K, used 8224K [0x00000000d5580000, 0x00000000ffe00000, 0x0000000100000000)
  eden space 575488K, 0% used [0x00000000d5580000,0x00000000d5580000,0x00000000f8780000)
  from space 60928K, 13% used [0x00000000f8780000,0x00000000f8f88010,0x00000000fc300000)
  to   space 59392K, 0% used [0x00000000fc400000,0x00000000fc400000,0x00000000ffe00000)
 ParOldGen       total 287232K, used 213283K [0x0000000080000000, 0x0000000091880000, 0x00000000d5580000)
  object space 287232K, 74% used [0x0000000080000000,0x000000008d048d48,0x0000000091880000)
 Metaspace       used 121863K, capacity 129477K, committed 131608K, reserved 1163264K
  class space    used 15399K, capacity 16738K, committed 17200K, reserved 1048576K
}
Event: 6817.947 GC heap before
{Heap before GC invocations=74 (full 8):
 PSYoungGen      total 636416K, used 582133K [0x00000000d5580000, 0x00000000ffe00000, 0x0000000100000000)
  eden space 575488K, 99% used [0x00000000d5580000,0x00000000f85f55d0,0x00000000f8780000)
  from space 60928K, 13% used [0x00000000f8780000,0x00000000f8f88010,0x00000000fc300000)
  to   space 59392K, 0% used [0x00000000fc400000,0x00000000fc400000,0x00000000ffe00000)
 ParOldGen       total 287232K, used 213283K [0x0000000080000000, 0x0000000091880000, 0x00000000d5580000)
  object space 287232K, 74% used [0x0000000080000000,0x000000008d048d48,0x0000000091880000)
 Metaspace       used 121899K, capacity 129563K, committed 131608K, reserved 1163264K
  class space    used 15402K, capacity 16741K, committed 17200K, reserved 1048576K
Event: 6818.381 GC heap after
Heap after GC invocations=74 (full 8):
 PSYoungGen      total 582144K, used 59391K [0x00000000d5580000, 0x0000000100000000, 0x0000000100000000)
  eden space 522752K, 0% used [0x00000000d5580000,0x00000000d5580000,0x00000000f5400000)
  from space 59392K, 99% used [0x00000000fc400000,0x00000000ffdfffd0,0x00000000ffe00000)
  to   space 88064K, 0% used [0x00000000f5400000,0x00000000f5400000,0x00000000faa00000)
 ParOldGen       total 287232K, used 262734K [0x0000000080000000, 0x0000000091880000, 0x00000000d5580000)
  object space 287232K, 91% used [0x0000000080000000,0x0000000090093868,0x0000000091880000)
 Metaspace       used 121899K, capacity 129563K, committed 131608K, reserved 1163264K
  class space    used 15402K, capacity 16741K, committed 17200K, reserved 1048576K
}
Event: 6818.381 GC heap before
{Heap before GC invocations=75 (full 9):
 PSYoungGen      total 582144K, used 59391K [0x00000000d5580000, 0x0000000100000000, 0x0000000100000000)
  eden space 522752K, 0% used [0x00000000d5580000,0x00000000d5580000,0x00000000f5400000)
  from space 59392K, 99% used [0x00000000fc400000,0x00000000ffdfffd0,0x00000000ffe00000)
  to   space 88064K, 0% used [0x00000000f5400000,0x00000000f5400000,0x00000000faa00000)
 ParOldGen       total 287232K, used 262734K [0x0000000080000000, 0x0000000091880000, 0x00000000d5580000)
  object space 287232K, 91% used [0x0000000080000000,0x0000000090093868,0x0000000091880000)
 Metaspace       used 121899K, capacity 129563K, committed 131608K, reserved 1163264K
  class space    used 15402K, capacity 16741K, committed 17200K, reserved 1048576K
Event: 6821.571 GC heap after
Heap after GC invocations=75 (full 9):
 PSYoungGen      total 582144K, used 0K [0x00000000d5580000, 0x0000000100000000, 0x0000000100000000)
  eden space 522752K, 0% used [0x00000000d5580000,0x00000000d5580000,0x00000000f5400000)
  from space 59392K, 0% used [0x00000000fc400000,0x00000000fc400000,0x00000000ffe00000)
  to   space 88064K, 0% used [0x00000000f5400000,0x00000000f5400000,0x00000000faa00000)
 ParOldGen       total 372736K, used 210814K [0x0000000080000000, 0x0000000096c00000, 0x00000000d5580000)
  object space 372736K, 56% used [0x0000000080000000,0x000000008cddf8d0,0x0000000096c00000)
 Metaspace       used 121899K, capacity 129563K, committed 131608K, reserved 1163264K
  class space    used 15402K, capacity 16741K, committed 17200K, reserved 1048576K
}
Event: 6954.430 GC heap before
{Heap before GC invocations=76 (full 9):
 PSYoungGen      total 582144K, used 522752K [0x00000000d5580000, 0x0000000100000000, 0x0000000100000000)
  eden space 522752K, 100% used [0x00000000d5580000,0x00000000f5400000,0x00000000f5400000)
  from space 59392K, 0% used [0x00000000fc400000,0x00000000fc400000,0x00000000ffe00000)
  to   space 88064K, 0% used [0x00000000f5400000,0x00000000f5400000,0x00000000faa00000)
 ParOldGen       total 372736K, used 210814K [0x0000000080000000, 0x0000000096c00000, 0x00000000d5580000)
  object space 372736K, 56% used [0x0000000080000000,0x000000008cddf8d0,0x0000000096c00000)
 Metaspace       used 122222K, capacity 129835K, committed 131608K, reserved 1163264K
  class space    used 15442K, capacity 16777K, committed 17200K, reserved 1048576K
Event: 6955.521 GC heap after
Heap after GC invocations=76 (full 9):
 PSYoungGen      total 610816K, used 6046K [0x00000000d5580000, 0x0000000100000000, 0x0000000100000000)
  eden space 522752K, 0% used [0x00000000d5580000,0x00000000d5580000,0x00000000f5400000)
  from space 88064K, 6% used [0x00000000f5400000,0x00000000f59e7830,0x00000000faa00000)
  to   space 86528K, 0% used [0x00000000fab80000,0x00000000fab80000,0x0000000100000000)
 ParOldGen       total 372736K, used 210822K [0x0000000080000000, 0x0000000096c00000, 0x00000000d5580000)
  object space 372736K, 56% used [0x0000000080000000,0x000000008cde18d0,0x0000000096c00000)
 Metaspace       used 122222K, capacity 129835K, committed 131608K, reserved 1163264K
  class space    used 15442K, capacity 16777K, committed 17200K, reserved 1048576K
}

